make -C kernel
make[1]: Entering directory '/home/Mufafa98_Arch_Laptop/Documents/GitHub/FerrumOS/kernel'
cargo build --target x86_64-unknown-none
warning: unused import: `x86_64::structures::paging::frame`
 --> src/main.rs:9:5
  |
9 | use x86_64::structures::paging::frame;
  |     ^^^^^^^^^^^^^^^^^^^^^^^^^^^^^^^^^
  |
  = note: `#[warn(unused_imports)]` on by default

warning: variable does not need to be mutable
   --> src/main.rs:187:9
    |
187 |     let mut position = position;
    |         ----^^^^^^^^
    |         |
    |         help: remove this `mut`
    |
    = note: `#[warn(unused_mut)]` on by default

warning: function `test_framebuffer` is never used
  --> src/main.rs:51:11
   |
51 | unsafe fn test_framebuffer() {
   |           ^^^^^^^^^^^^^^^^
   |
   = note: `#[warn(dead_code)]` on by default

warning: associated items `to_utf8` and `print_glyphs_debug` are never used
   --> src/main.rs:159:8
    |
133 | impl PsfFont {
    | ------------ associated items in this implementation
...
159 |     fn to_utf8(data: &[u8]) -> Option<&str> {
    |        ^^^^^^^
...
166 |     fn print_glyphs_debug(&self) {
    |        ^^^^^^^^^^^^^^^^^^

warning: `ferrum_os` (bin "ferrum_os") generated 4 warnings (run `cargo fix --bin "ferrum_os"` to apply 2 suggestions)
    Finished `dev` profile [unoptimized + debuginfo] target(s) in 0.01s
cp target/x86_64-unknown-none/debug/ferrum_os kernel.elf
make[1]: Leaving directory '/home/Mufafa98_Arch_Laptop/Documents/GitHub/FerrumOS/kernel'
rm -rf iso_root
mkdir -p iso_root
cp kernel/kernel.elf \
	limine.cfg limine/limine.sys limine/limine-cd.bin limine/limine-cd-efi.bin iso_root/
xorriso -as mkisofs -b limine-cd.bin \
	-no-emul-boot -boot-load-size 4 -boot-info-table \
	--efi-boot limine-cd-efi.bin \
	-efi-boot-part --efi-boot-image --protective-msdos-label \
	iso_root -o ferrum_os.iso
xorriso 1.5.6 : RockRidge filesystem manipulator, libburnia project.

Drive current: -outdev 'stdio:ferrum_os.iso'
Media current: stdio file, overwriteable
Media status : is blank
Media summary: 0 sessions, 0 data blocks, 0 data, 78.5g free
Added to ISO image: directory '/'='/home/Mufafa98_Arch_Laptop/Documents/GitHub/FerrumOS/iso_root'
xorriso : UPDATE :       5 files added in 1 seconds
xorriso : UPDATE :       5 files added in 1 seconds
xorriso : WARNING : EFI boot equipment is provided but no directory /EFI/BOOT
xorriso : WARNING : will emerge in the ISO filesystem. A popular method to
xorriso : WARNING : prepare a USB stick on MS-Windows relies on having in the
xorriso : WARNING : ISO filesystem a copy of the EFI System Partition tree.
ISO image produced: 2919 sectors
Written to medium : 2919 sectors at LBA 0
Writing to 'stdio:ferrum_os.iso' completed successfully.

limine/limine-deploy ferrum_os.iso
Physical block size of 512 bytes.
Deploying to GPT. Logical block size of 512 bytes.
Secondary header at LBA 0x2d9b.
Secondary header valid.
GPT partition NOT specified. Attempting GPT embedding.
New maximum count of partition entries: 44.
Stage 2 to be located at 0x1a00 and 0x5ad000.
Reminder: Remember to copy the limine.sys file in either
          the root, /boot, /limine, or /boot/limine directories of
          one of the partitions on the device, or boot will fail!
Limine deployed successfully!
rm -rf iso_root
qemu-system-x86_64 -M q35 -m 2G -cdrom ferrum_os.iso -boot d -display sdl -device isa-debug-exit,iobase=0xf4,iosize=0x04 -serial stdio
<-------------------->
 FerrumOs has started
<-------------------->
----
ef bf bd ff 
e2 98 ba ff 
e2 98 bb ff 
e2 99 a5 ff 
e2 99 a6 ff 
e2 99 a3 ff 
e2 99 a0 ff 
e2 80 a2 ff 
e2 97 98 ff 
e2 97 8b ff 
e2 97 99 ff 
e2 99 82 ff 
e2 99 80 ff 
e2 99 aa ff 
e2 99 ab e2 99 ac ff 
e2 98 bc ff 
e2 96 b6 e2 96 ba ff 
e2 97 80 e2 97 84 ff 
e2 86 95 ff 
e2 80 bc ff 
c2 b6 ff 
c2 a7 ff 
e2 96 ac ff 
e2 86 a8 ff 
e2 86 91 ff 
e2 86 93 ff 
e2 86 92 ff 
e2 86 90 ff 
e2 88 9f e2 8c 99 ff 
e2 86 94 ff 
e2 96 b2 ff 
e2 96 bc ff 
20 c2 a0 e2 80 80 e2 80 81 e2 80 82 e2 80 83 e2 80 84 e2 80 85 e2 80 86 e2 80 87 e2 80 88 e2 80 89 e2 80 8a e2 80 af ff 
21 ff 
22 ff 
23 ff 
24 ff 
25 ff 
26 ff 
27 ff 
28 ff 
29 ff 
2a ff 
2b ff 
2c ff 
2d ff 
2e ff 
2f ff 
30 ff 
31 ff 
32 ff 
33 ff 
34 ff 
35 ff 
36 ff 
37 ff 
38 ff 
39 ff 
3a ff 
3b ff 
3c ff 
3d ff 
3e ff 
3f ff 
40 ff 
41 ff 
42 ff 
43 ff 
44 ff 
45 ff 
46 ff 
47 ff 
48 ff 
49 ff 
4a ff 
4b ff 
4c ff 
4d ff 
4e ff 
4f ff 
50 ff 
51 ff 
52 ff 
53 ff 
54 ff 
55 ff 
56 ff 
57 ff 
58 ff 
59 ff 
5a ff 
5b ff 
5c ff 
5d ff 
5e ff 
5f ff 
60 ff 
61 ff 
62 ff 
63 ff 
64 ff 
65 ff 
66 ff 
67 ff 
68 ff 
69 ff 
6a ff 
6b ff 
6c ff 
6d ff 
6e ff 
6f ff 
70 ff 
71 ff 
72 ff 
73 ff 
74 ff 
75 ff 
76 ff 
77 ff 
78 ff 
79 ff 
7a ff 
7b ff 
7c ff 
7d ff 
7e ff 
e2 8c 82 ff 
ff 
ff 
ff 
ff 
ff 
ff 
ff 
ff 
ff 
ff 
ff 
ff 
ff 
ff 
ff 
ff 
ff 
ff 
ff 
ff 
ff 
ff 
ff 
ff 
ff 
ff 
ff 
ff 
ff 
ff 
ff 
e1 88 80 ff 
e1 88 81 ff 
e1 88 82 ff 
e1 88 83 ff 
e1 88 84 ff 
e1 88 85 ff 
e1 88 86 ff 
e1 88 88 ff 
e1 88 89 ff 
e1 88 8a ff 
e1 88 8b ff 
e1 88 8c ff 
e1 88 8d ff 
e1 88 8e ff 
e1 88 8f ff 
e1 88 90 ff 
e1 88 91 ff 
e1 88 92 ff 
e1 88 93 ff 
e1 88 94 ff 
e1 88 95 ff 
e1 88 96 ff 
e1 88 97 ff 
e1 88 98 ff 
e1 88 99 ff 
e1 88 9a ff 
e1 88 9b ff 
e1 88 9c ff 
e1 88 9d ff 
e1 88 9e ff 
e1 88 9f ff 
e1 88 a0 ff 
e1 88 a1 ff 
e1 88 a2 ff 
e1 88 a3 ff 
e1 88 a4 ff 
e1 88 a5 ff 
e1 88 a6 ff 
e1 88 a7 ff 
e1 88 a8 ff 
e1 88 a9 ff 
e1 88 aa ff 
e1 88 ab ff 
e1 88 ac ff 
e1 88 ad ff 
e1 88 ae ff 
e1 88 af ff 
e1 88 b0 ff 
e1 88 b1 ff 
e1 88 b2 ff 
e1 88 b3 ff 
e1 88 b4 ff 
e1 88 b5 ff 
e1 88 b6 ff 
e1 88 b7 ff 
e1 88 b8 ff 
e1 88 b9 ff 
e1 88 ba ff 
e1 88 bb ff 
e1 88 bc ff 
e1 88 bd ff 
e1 88 be ff 
e1 88 bf ff 
e1 89 80 ff 
e1 89 81 ff 
e1 89 82 ff 
e1 89 83 ff 
e1 89 84 ff 
e1 89 85 ff 
e1 89 86 ff 
e1 89 88 ff 
e1 89 8a ff 
e1 89 8b ff 
e1 89 8c ff 
e1 89 8d ff 
e1 89 90 ff 
e1 89 91 ff 
e1 89 92 ff 
e1 89 93 ff 
e1 89 94 ff 
e1 89 95 ff 
e1 89 96 ff 
e1 89 98 ff 
e1 89 9a ff 
e1 89 9b ff 
e1 89 9c ff 
e1 89 9d ff 
e1 89 a0 ff 
e1 89 a1 ff 
e1 89 a2 ff 
e1 89 a3 ff 
e1 89 a4 ff 
e1 89 a5 ff 
e1 89 a6 ff 
e1 89 a7 ff 
e1 89 a8 ff 
e1 89 a9 ff 
e1 89 aa ff 
e1 89 ab ff 
e1 89 ac ff 
e1 89 ad ff 
e1 89 ae ff 
e1 89 af ff 
e1 89 b0 ff 
e1 89 b1 ff 
e1 89 b2 ff 
e1 89 b3 ff 
e1 89 b4 ff 
e1 89 b5 ff 
e1 89 b6 ff 
e1 89 b7 ff 
e1 89 b8 ff 
e1 89 b9 ff 
e1 89 ba ff 
e1 89 bb ff 
e1 89 bc ff 
e1 89 bd ff 
e1 89 be ff 
e1 89 bf ff 
e1 8a 80 ff 
e1 8a 81 ff 
e1 8a 82 ff 
e1 8a 83 ff 
e1 8a 84 ff 
e1 8a 85 ff 
e1 8a 86 ff 
e1 8a 88 ff 
e1 8a 8a ff 
e1 8a 8b ff 
e1 8a 8c ff 
e1 8a 8d ff 
e1 8a 90 ff 
e1 8a 91 ff 
e1 8a 92 ff 
e1 8a 93 ff 
e1 8a 94 ff 
e1 8a 95 ff 
e1 8a 96 ff 
e1 8a 97 ff 
e1 8a 98 ff 
e1 8a 99 ff 
e1 8a 9a ff 
e1 8a 9b ff 
e1 8a 9c ff 
e1 8a 9d ff 
e1 8a 9e ff 
e1 8a 9f ff 
e1 8a a0 ff 
e1 8a a1 ff 
e1 8a a2 ff 
e1 8a a3 ff 
e1 8a a4 ff 
e1 8a a5 ff 
e1 8a a6 ff 
e1 8a a7 ff 
e1 8a a8 ff 
e1 8a a9 ff 
e1 8a aa ff 
e1 8a ab ff 
e1 8a ac ff 
e1 8a ad ff 
e1 8a ae ff 
e1 8a b0 ff 
e1 8a b2 ff 
e1 8a b3 ff 
e1 8a b4 ff 
e1 8a b5 ff 
e1 8a b8 ff 
e1 8a b9 ff 
e1 8a ba ff 
e1 8a bb ff 
e1 8a bc ff 
e1 8a bd ff 
e1 8a be ff 
e1 8b 80 ff 
e1 8b 82 ff 
e1 8b 83 ff 
e1 8b 84 ff 
e1 8b 85 ff 
e1 8b 88 ff 
e1 8b 89 ff 
e1 8b 8a ff 
e1 8b 8b ff 
e1 8b 8c ff 
e1 8b 8d ff 
e1 8b 8e ff 
e1 8b 90 ff 
e1 8b 91 ff 
e1 8b 92 ff 
e1 8b 93 ff 
e1 8b 94 ff 
e1 8b 95 ff 
e1 8b 96 ff 
e1 8b 98 ff 
e1 8b 99 ff 
e1 8b 9a ff 
e1 8b 9b ff 
e1 8b 9c ff 
e1 8b 9d ff 
e1 8b 9e ff 
e1 8b 9f ff 
e1 8b a0 ff 
e1 8b a1 ff 
e1 8b a2 ff 
e1 8b a3 ff 
e1 8b a4 ff 
e1 8b a5 ff 
e1 8b a6 ff 
e1 8b a7 ff 
e1 8b a8 ff 
e1 8b a9 ff 
e1 8b aa ff 
e1 8b ab ff 
e1 8b ac ff 
e1 8b ad ff 
e1 8b ae ff 
e1 8b af ff 
e1 8b b0 ff 
e1 8b b1 ff 
e1 8b b2 ff 
e1 8b b3 ff 
e1 8b b4 ff 
e1 8b b5 ff 
e1 8b b6 ff 
e1 8b b7 ff 
e1 8b b8 ff 
e1 8b b9 ff 
e1 8b ba ff 
e1 8b bb ff 
e1 8b bc ff 
e1 8b bd ff 
e1 8b be ff 
e1 8b bf ff 
e1 8c 80 ff 
e1 8c 81 ff 
e1 8c 82 ff 
e1 8c 83 ff 
e1 8c 84 ff 
e1 8c 85 ff 
e1 8c 86 ff 
e1 8c 87 ff 
e1 8c 88 ff 
e1 8c 89 ff 
e1 8c 8a ff 
e1 8c 8b ff 
e1 8c 8c ff 
e1 8c 8d ff 
e1 8c 8e ff 
e1 8c 90 ff 
e1 8c 92 ff 
e1 8c 93 ff 
e1 8c 94 ff 
e1 8c 95 ff 
e1 8c 98 ff 
e1 8c 99 ff 
e1 8c 9a ff 
e1 8c 9b ff 
e1 8c 9c ff 
e1 8c 9d ff 
e1 8c 9e ff 
e1 8c a0 ff 
e1 8c a1 ff 
e1 8c a2 ff 
e1 8c a3 ff 
e1 8c a4 ff 
e1 8c a5 ff 
e1 8c a6 ff 
e1 8c a7 ff 
e1 8c a8 ff 
e1 8c a9 ff 
e1 8c aa ff 
e1 8c ab ff 
e1 8c ac ff 
e1 8c ad ff 
e1 8c ae ff 
e1 8c af ff 
e1 8c b0 ff 
e1 8c b1 ff 
e1 8c b2 ff 
e1 8c b3 ff 
e1 8c b4 ff 
e1 8c b5 ff 
e1 8c b6 ff 
e1 8c b7 ff 
e1 8c b8 ff 
e1 8c b9 ff 
e1 8c ba ff 
e1 8c bb ff 
e1 8c bc ff 
e1 8c bd ff 
e1 8c be ff 
e1 8c bf ff 
e1 8d 80 ff 
e1 8d 81 ff 
e1 8d 82 ff 
e1 8d 83 ff 
e1 8d 84 ff 
e1 8d 85 ff 
e1 8d 86 ff 
e1 8d 88 ff 
e1 8d 89 ff 
e1 8d 8a ff 
e1 8d 8b ff 
e1 8d 8c ff 
e1 8d 8d ff 
e1 8d 8e ff 
e1 8d 8f ff 
e1 8d 90 ff 
e1 8d 91 ff 
e1 8d 92 ff 
e1 8d 93 ff 
e1 8d 94 ff 
e1 8d 95 ff 
e1 8d 96 ff 
e1 8d 97 ff 
e1 8d 98 ff 
e1 8d 99 ff 
e1 8d 9a ff 
e1 8d a0 ff 
e1 8d a1 ff 
e1 8d a2 ff 
e1 8d a3 ff 
e1 8d a4 ff 
e1 8d a5 ff 
e1 8d a6 ff 
e1 8d a7 ff 
e1 8d a8 ff 
e1 8d a9 ff 
e1 8d aa ff 
e1 8d ab ff 
e1 8d ac ff 
e1 8d ad ff 
e1 8d ae ff 
e1 8d af ff 
e1 8d b0 ff 
e1 8d b1 ff 
e1 8d b2 ff 
e1 8d b3 ff 
e1 8d b4 ff 
e1 8d b5 ff 
e1 8d b6 ff 
e1 8d b7 ff 
e1 8d b8 ff 
e1 8d b9 ff 
e1 8d ba ff 
e1 8d bb ff 
e1 8d bc ff 
ef b7 b0 ff 
ef b7 bb ff 
ef b7 bc ff 
ef b7 bd ff 
ef b7 be ff 
ef b7 bf ff 
----
qemu-system-x86_64: terminating on signal 2
